<?xml version="1.0" encoding="UTF-8"?>
<!-- Generated by org.testng.reporters.JUnitXMLReporter -->
<testsuite ignored="0" hostname="DESKTOP-PTFMALK" failures="0" tests="5" name="Default test" time="113.891" errors="0" timestamp="22 Aug 2020 06:04:45 GMT">
  <testcase classname="SignUp.SignUpTest" name="registerData" time="5.651"/>
  <testcase classname="SignUp.SignUpTest" name="registerData" time="5.943"/>
  <testcase classname="SignUp.SignUpTest" name="registerData" time="5.072"/>
  <testcase classname="SignUp.SignUpTest" name="registerData" time="4.969"/>
  <testcase classname="SignUp.SignUpTest" name="registerData" time="4.933"/>
</testsuite> <!-- Default test -->
