<?xml version="1.0" encoding="UTF-8"?>
<testng-results ignored="0" total="1" passed="1" failed="0" skipped="0">
  <reporter-output>
  </reporter-output>
  <suite started-at="2020-08-21T17:10:30Z" name="Default suite" finished-at="2020-08-21T17:10:54Z" duration-ms="23135">
    <groups>
    </groups>
    <test started-at="2020-08-21T17:10:30Z" name="Default test" finished-at="2020-08-21T17:10:54Z" duration-ms="23135">
      <class name="SignUp.SignUpTest">
        <test-method is-config="true" signature="testSignUp()[pri:0, instance:SignUp.SignUpTest@4944252c]" started-at="2020-08-21T17:10:31Z" name="testSignUp" finished-at="2020-08-21T17:10:48Z" duration-ms="17113" status="PASS">
          <reporter-output>
          </reporter-output>
        </test-method> <!-- testSignUp -->
        <test-method signature="registerData(java.lang.String, java.lang.String, java.lang.String, java.lang.String, java.lang.String, java.lang.String, java.lang.String, java.lang.String, java.lang.String)[pri:1, instance:SignUp.SignUpTest@4944252c]" started-at="2020-08-21T17:10:48Z" name="registerData" data-provider="SignUpDatas" finished-at="2020-08-21T17:10:54Z" duration-ms="5269" status="PASS">
          <params>
            <param index="0">
              <value>
                <![CDATA[Sony]]>
              </value>
            </param>
            <param index="1">
              <value>
                <![CDATA[Tuladhar]]>
              </value>
            </param>
            <param index="2">
              <value>
                <![CDATA[4]]>
              </value>
            </param>
            <param index="3">
              <value>
                <![CDATA[10]]>
              </value>
            </param>
            <param index="4">
              <value>
                <![CDATA[1994]]>
              </value>
            </param>
            <param index="5">
              <value>
                <![CDATA[sonytuladhar24@gmail.com]]>
              </value>
            </param>
            <param index="6">
              <value>
                <![CDATA[Khalti]]>
              </value>
            </param>
            <param index="7">
              <value>
                <![CDATA[76697669]]>
              </value>
            </param>
            <param index="8">
              <value>
                <![CDATA[76697669]]>
              </value>
            </param>
          </params>
          <reporter-output>
          </reporter-output>
        </test-method> <!-- registerData -->
      </class> <!-- SignUp.SignUpTest -->
    </test> <!-- Default test -->
  </suite> <!-- Default suite -->
</testng-results>
